Arguments: 
  /usr/local/bin/node /usr/local/Cellar/yarn/1.12.3/libexec/bin/yarn.js

PATH: 
  /Library/Frameworks/Python.framework/Versions/3.7/bin:/Library/Frameworks/Python.framework/Versions/3.6/bin:/Users/arshad/.cargo/bin:/usr/local/bin:/usr/bin:/bin:/usr/sbin:/sbin:/usr/local/go/bin

Yarn version: 
  1.12.3

Node version: 
  11.6.0

Platform: 
  darwin x64

Trace: 
  SyntaxError: /Users/arshad/Arshad/workspace/opensource/search-a-tags/package.json: Unexpected string in JSON at position 561
      at JSON.parse (<anonymous>)
      at /usr/local/Cellar/yarn/1.12.3/libexec/lib/cli.js:1631:59
      at Generator.next (<anonymous>)
      at step (/usr/local/Cellar/yarn/1.12.3/libexec/lib/cli.js:304:30)
      at /usr/local/Cellar/yarn/1.12.3/libexec/lib/cli.js:315:13

npm manifest: 
  {
    "name": "search-a-tags",
    "version": "1.0.0",
    "description": "Search <a> tags from html content",
    "main": "index.js",
    "scripts": {
      "test": "echo \"Error: no test specified\" && exit 1"
    },
    "repository": {
      "type": "git",
      "url": "git+https://github.com/arshadkazmi42/search-a-tags.git"
    },
    "keywords": [
      "search",
      "<a>",
      "tags",
      "html",
      "regex",
      "html",
      "tags"
    ],
    "devDependencies": {
      "chai": "^4.2.0",
      "mocha": "^5.2.0",
      "eslint": "^5.11.1",
      "eslint-config-strongloop": "^2.1.0"
    }
    "author": "Arshad Kazmi",
    "license": "MIT",
    "bugs": {
      "url": "https://github.com/arshadkazmi42/search-a-tags/issues"
    },
    "homepage": "https://github.com/arshadkazmi42/search-a-tags#readme"
  }

yarn manifest: 
  No manifest

Lockfile: 
  No lockfile
